Analysis & Synthesis report for Part6
Fri Apr 13 16:17:18 2018
Quartus Prime Version 17.0.0 Build 595 04/25/2017 SJ Lite Edition


---------------------
; Table of Contents ;
---------------------
  1. Legal Notice
  2. Analysis & Synthesis Summary
  3. Analysis & Synthesis Settings
  4. Parallel Compilation
  5. Port Connectivity Checks: "HexHELO:HexHELO_Part6_1"
  6. Port Connectivity Checks: "Mux_3w_8_to_1:Mux_3w_8_to_1_Part6_0"
  7. Port Connectivity Checks: "Mux_3w_8_to_1:Mux_3w_8_to_1_Part6_1"
  8. Port Connectivity Checks: "Mux_3w_8_to_1:Mux_3w_8_to_1_Part6_2"
  9. Port Connectivity Checks: "Mux_3w_8_to_1:Mux_3w_8_to_1_Part6_3"
 10. Port Connectivity Checks: "Mux_3w_8_to_1:Mux_3w_8_to_1_Part6_4"
 11. Port Connectivity Checks: "Mux_3w_8_to_1:Mux_3w_8_to_1_Part6_5"
 12. Port Connectivity Checks: "Mux_3w_8_to_1:Mux_3w_8_to_1_Part6_6"
 13. Port Connectivity Checks: "Mux_3w_8_to_1:Mux_3w_8_to_1_Part6_7"
 14. Analysis & Synthesis Messages



----------------
; Legal Notice ;
----------------
Copyright (C) 2017  Intel Corporation. All rights reserved.
Your use of Intel Corporation's design tools, logic functions 
and other software and tools, and its AMPP partner logic 
functions, and any output files from any of the foregoing 
(including device programming or simulation files), and any 
associated documentation or information are expressly subject 
to the terms and conditions of the Intel Program License 
Subscription Agreement, the Intel Quartus Prime License Agreement,
the Intel MegaCore Function License Agreement, or other 
applicable license agreement, including, without limitation, 
that your use is for the sole purpose of programming logic 
devices manufactured by Intel and sold by Intel or its 
authorized distributors.  Please refer to the applicable 
agreement for further details.



+----------------------------------------------------------------------------------+
; Analysis & Synthesis Summary                                                     ;
+------------------------------------+---------------------------------------------+
; Analysis & Synthesis Status        ; Failed - Fri Apr 13 16:17:18 2018           ;
; Quartus Prime Version              ; 17.0.0 Build 595 04/25/2017 SJ Lite Edition ;
; Revision Name                      ; Part6                                       ;
; Top-level Entity Name              ; Part6                                       ;
; Family                             ; Cyclone IV E                                ;
; Total logic elements               ; N/A until Partition Merge                   ;
;     Total combinational functions  ; N/A until Partition Merge                   ;
;     Dedicated logic registers      ; N/A until Partition Merge                   ;
; Total registers                    ; N/A until Partition Merge                   ;
; Total pins                         ; N/A until Partition Merge                   ;
; Total virtual pins                 ; N/A until Partition Merge                   ;
; Total memory bits                  ; N/A until Partition Merge                   ;
; Embedded Multiplier 9-bit elements ; N/A until Partition Merge                   ;
; Total PLLs                         ; N/A until Partition Merge                   ;
+------------------------------------+---------------------------------------------+


+----------------------------------------------------------------------------------------------------------------------+
; Analysis & Synthesis Settings                                                                                        ;
+----------------------------------------------------------------------------+--------------------+--------------------+
; Option                                                                     ; Setting            ; Default Value      ;
+----------------------------------------------------------------------------+--------------------+--------------------+
; Device                                                                     ; EP4CE115F29C7      ;                    ;
; Top-level entity name                                                      ; Part6              ; Part6              ;
; Family name                                                                ; Cyclone IV E       ; Cyclone V          ;
; Use smart compilation                                                      ; Off                ; Off                ;
; Enable parallel Assembler and TimeQuest Timing Analyzer during compilation ; On                 ; On                 ;
; Enable compact report table                                                ; Off                ; Off                ;
; Restructure Multiplexers                                                   ; Auto               ; Auto               ;
; Create Debugging Nodes for IP Cores                                        ; Off                ; Off                ;
; Preserve fewer node names                                                  ; On                 ; On                 ;
; OpenCore Plus hardware evaluation                                          ; Enable             ; Enable             ;
; Verilog Version                                                            ; Verilog_2001       ; Verilog_2001       ;
; VHDL Version                                                               ; VHDL_1993          ; VHDL_1993          ;
; State Machine Processing                                                   ; Auto               ; Auto               ;
; Safe State Machine                                                         ; Off                ; Off                ;
; Extract Verilog State Machines                                             ; On                 ; On                 ;
; Extract VHDL State Machines                                                ; On                 ; On                 ;
; Ignore Verilog initial constructs                                          ; Off                ; Off                ;
; Iteration limit for constant Verilog loops                                 ; 5000               ; 5000               ;
; Iteration limit for non-constant Verilog loops                             ; 250                ; 250                ;
; Add Pass-Through Logic to Inferred RAMs                                    ; On                 ; On                 ;
; Infer RAMs from Raw Logic                                                  ; On                 ; On                 ;
; Parallel Synthesis                                                         ; On                 ; On                 ;
; DSP Block Balancing                                                        ; Auto               ; Auto               ;
; NOT Gate Push-Back                                                         ; On                 ; On                 ;
; Power-Up Don't Care                                                        ; On                 ; On                 ;
; Remove Redundant Logic Cells                                               ; Off                ; Off                ;
; Remove Duplicate Registers                                                 ; On                 ; On                 ;
; Ignore CARRY Buffers                                                       ; Off                ; Off                ;
; Ignore CASCADE Buffers                                                     ; Off                ; Off                ;
; Ignore GLOBAL Buffers                                                      ; Off                ; Off                ;
; Ignore ROW GLOBAL Buffers                                                  ; Off                ; Off                ;
; Ignore LCELL Buffers                                                       ; Off                ; Off                ;
; Ignore SOFT Buffers                                                        ; On                 ; On                 ;
; Limit AHDL Integers to 32 Bits                                             ; Off                ; Off                ;
; Optimization Technique                                                     ; Balanced           ; Balanced           ;
; Carry Chain Length                                                         ; 70                 ; 70                 ;
; Auto Carry Chains                                                          ; On                 ; On                 ;
; Auto Open-Drain Pins                                                       ; On                 ; On                 ;
; Perform WYSIWYG Primitive Resynthesis                                      ; Off                ; Off                ;
; Auto ROM Replacement                                                       ; On                 ; On                 ;
; Auto RAM Replacement                                                       ; On                 ; On                 ;
; Auto DSP Block Replacement                                                 ; On                 ; On                 ;
; Auto Shift Register Replacement                                            ; Auto               ; Auto               ;
; Allow Shift Register Merging across Hierarchies                            ; Auto               ; Auto               ;
; Auto Clock Enable Replacement                                              ; On                 ; On                 ;
; Strict RAM Replacement                                                     ; Off                ; Off                ;
; Allow Synchronous Control Signals                                          ; On                 ; On                 ;
; Force Use of Synchronous Clear Signals                                     ; Off                ; Off                ;
; Auto RAM Block Balancing                                                   ; On                 ; On                 ;
; Auto RAM to Logic Cell Conversion                                          ; Off                ; Off                ;
; Auto Resource Sharing                                                      ; Off                ; Off                ;
; Allow Any RAM Size For Recognition                                         ; Off                ; Off                ;
; Allow Any ROM Size For Recognition                                         ; Off                ; Off                ;
; Allow Any Shift Register Size For Recognition                              ; Off                ; Off                ;
; Use LogicLock Constraints during Resource Balancing                        ; On                 ; On                 ;
; Ignore translate_off and synthesis_off directives                          ; Off                ; Off                ;
; Timing-Driven Synthesis                                                    ; On                 ; On                 ;
; Report Parameter Settings                                                  ; On                 ; On                 ;
; Report Source Assignments                                                  ; On                 ; On                 ;
; Report Connectivity Checks                                                 ; On                 ; On                 ;
; Ignore Maximum Fan-Out Assignments                                         ; Off                ; Off                ;
; Synchronization Register Chain Length                                      ; 2                  ; 2                  ;
; PowerPlay Power Optimization During Synthesis                              ; Normal compilation ; Normal compilation ;
; HDL message level                                                          ; Level2             ; Level2             ;
; Suppress Register Optimization Related Messages                            ; Off                ; Off                ;
; Number of Removed Registers Reported in Synthesis Report                   ; 5000               ; 5000               ;
; Number of Swept Nodes Reported in Synthesis Report                         ; 5000               ; 5000               ;
; Number of Inverted Registers Reported in Synthesis Report                  ; 100                ; 100                ;
; Clock MUX Protection                                                       ; On                 ; On                 ;
; Auto Gated Clock Conversion                                                ; Off                ; Off                ;
; Block Design Naming                                                        ; Auto               ; Auto               ;
; SDC constraint protection                                                  ; Off                ; Off                ;
; Synthesis Effort                                                           ; Auto               ; Auto               ;
; Shift Register Replacement - Allow Asynchronous Clear Signal               ; On                 ; On                 ;
; Pre-Mapping Resynthesis Optimization                                       ; Off                ; Off                ;
; Analysis & Synthesis Message Level                                         ; Medium             ; Medium             ;
; Disable Register Merging Across Hierarchies                                ; Auto               ; Auto               ;
; Resource Aware Inference For Block RAM                                     ; On                 ; On                 ;
+----------------------------------------------------------------------------+--------------------+--------------------+


+------------------------------------------+
; Parallel Compilation                     ;
+----------------------------+-------------+
; Processors                 ; Number      ;
+----------------------------+-------------+
; Number detected on machine ; 8           ;
; Maximum allowed            ; 4           ;
;                            ;             ;
; Average used               ; 1.00        ;
; Maximum used               ; 1           ;
;                            ;             ;
; Usage by Processor         ; % Time Used ;
;     Processor 1            ; 100.0%      ;
+----------------------------+-------------+


+------------------------------------------------------------------------------------------------------------------------------------------------------------------------------------------------------------+
; Port Connectivity Checks: "HexHELO:HexHELO_Part6_1"                                                                                                                                                        ;
+------+-------+----------+----------------------------------------------------------------------------------------------------------------------------------------------------------------------------------+
; Port ; Type  ; Severity ; Details                                                                                                                                                                          ;
+------+-------+----------+----------------------------------------------------------------------------------------------------------------------------------------------------------------------------------+
; C    ; Input ; Warning  ; Input port expression (4 bits) is wider than the input port (3 bits) it drives.  The 1 most-significant bit(s) in the expression will be dangling if they have no other fanouts. ;
+------+-------+----------+----------------------------------------------------------------------------------------------------------------------------------------------------------------------------------+


+----------------------------------------------------------------------------------------------------------------------------+
; Port Connectivity Checks: "Mux_3w_8_to_1:Mux_3w_8_to_1_Part6_0"                                                            ;
+-----------+---------+------------------+-----------------------------------------------------------------------------------+
; Port      ; Type    ; Severity         ; Details                                                                           ;
+-----------+---------+------------------+-----------------------------------------------------------------------------------+
; <port 11> ; Unknown ; Critical Warning ; Ordered port position exceeds number of ports declared by the instantiated entity ;
+-----------+---------+------------------+-----------------------------------------------------------------------------------+


+----------------------------------------------------------------------------------------------------------------------------+
; Port Connectivity Checks: "Mux_3w_8_to_1:Mux_3w_8_to_1_Part6_1"                                                            ;
+-----------+---------+------------------+-----------------------------------------------------------------------------------+
; Port      ; Type    ; Severity         ; Details                                                                           ;
+-----------+---------+------------------+-----------------------------------------------------------------------------------+
; <port 11> ; Unknown ; Critical Warning ; Ordered port position exceeds number of ports declared by the instantiated entity ;
+-----------+---------+------------------+-----------------------------------------------------------------------------------+


+----------------------------------------------------------------------------------------------------------------------------+
; Port Connectivity Checks: "Mux_3w_8_to_1:Mux_3w_8_to_1_Part6_2"                                                            ;
+-----------+---------+------------------+-----------------------------------------------------------------------------------+
; Port      ; Type    ; Severity         ; Details                                                                           ;
+-----------+---------+------------------+-----------------------------------------------------------------------------------+
; <port 11> ; Unknown ; Critical Warning ; Ordered port position exceeds number of ports declared by the instantiated entity ;
+-----------+---------+------------------+-----------------------------------------------------------------------------------+


+----------------------------------------------------------------------------------------------------------------------------+
; Port Connectivity Checks: "Mux_3w_8_to_1:Mux_3w_8_to_1_Part6_3"                                                            ;
+-----------+---------+------------------+-----------------------------------------------------------------------------------+
; Port      ; Type    ; Severity         ; Details                                                                           ;
+-----------+---------+------------------+-----------------------------------------------------------------------------------+
; <port 11> ; Unknown ; Critical Warning ; Ordered port position exceeds number of ports declared by the instantiated entity ;
+-----------+---------+------------------+-----------------------------------------------------------------------------------+


+----------------------------------------------------------------------------------------------------------------------------+
; Port Connectivity Checks: "Mux_3w_8_to_1:Mux_3w_8_to_1_Part6_4"                                                            ;
+-----------+---------+------------------+-----------------------------------------------------------------------------------+
; Port      ; Type    ; Severity         ; Details                                                                           ;
+-----------+---------+------------------+-----------------------------------------------------------------------------------+
; <port 11> ; Unknown ; Critical Warning ; Ordered port position exceeds number of ports declared by the instantiated entity ;
+-----------+---------+------------------+-----------------------------------------------------------------------------------+


+----------------------------------------------------------------------------------------------------------------------------+
; Port Connectivity Checks: "Mux_3w_8_to_1:Mux_3w_8_to_1_Part6_5"                                                            ;
+-----------+---------+------------------+-----------------------------------------------------------------------------------+
; Port      ; Type    ; Severity         ; Details                                                                           ;
+-----------+---------+------------------+-----------------------------------------------------------------------------------+
; <port 11> ; Unknown ; Critical Warning ; Ordered port position exceeds number of ports declared by the instantiated entity ;
+-----------+---------+------------------+-----------------------------------------------------------------------------------+


+----------------------------------------------------------------------------------------------------------------------------+
; Port Connectivity Checks: "Mux_3w_8_to_1:Mux_3w_8_to_1_Part6_6"                                                            ;
+-----------+---------+------------------+-----------------------------------------------------------------------------------+
; Port      ; Type    ; Severity         ; Details                                                                           ;
+-----------+---------+------------------+-----------------------------------------------------------------------------------+
; <port 11> ; Unknown ; Critical Warning ; Ordered port position exceeds number of ports declared by the instantiated entity ;
+-----------+---------+------------------+-----------------------------------------------------------------------------------+


+----------------------------------------------------------------------------------------------------------------------------+
; Port Connectivity Checks: "Mux_3w_8_to_1:Mux_3w_8_to_1_Part6_7"                                                            ;
+-----------+---------+------------------+-----------------------------------------------------------------------------------+
; Port      ; Type    ; Severity         ; Details                                                                           ;
+-----------+---------+------------------+-----------------------------------------------------------------------------------+
; <port 11> ; Unknown ; Critical Warning ; Ordered port position exceeds number of ports declared by the instantiated entity ;
+-----------+---------+------------------+-----------------------------------------------------------------------------------+


+-------------------------------+
; Analysis & Synthesis Messages ;
+-------------------------------+
Info: *******************************************************************
Info: Running Quartus Prime Analysis & Synthesis
    Info: Version 17.0.0 Build 595 04/25/2017 SJ Lite Edition
    Info: Processing started: Fri Apr 13 16:17:06 2018
Info: Command: quartus_map --read_settings_files=on --write_settings_files=off Part6 -c Part6
Warning (18236): Number of processors has not been specified which may cause overloading on shared machines.  Set the global assignment NUM_PARALLEL_PROCESSORS in your QSF to an appropriate value for best performance.
Info (20030): Parallel compilation is enabled and will use 4 of the 4 processors detected
Warning (12125): Using design file part6.sv, which is not specified as a design file for the current project, but contains definitions for 1 design units and 1 entities in project
    Info (12023): Found entity 1: Part6 File: C:/Users/Epimetheus/Documents/Digital Systems Design/Labs/HW1/Part6/part6.sv Line: 1
Info (12127): Elaborating entity "Part6" for the top level hierarchy
Warning (12125): Using design file mux_3w_8_to_1.sv, which is not specified as a design file for the current project, but contains definitions for 1 design units and 1 entities in project
    Info (12023): Found entity 1: Mux_3w_8_to_1 File: C:/Users/Epimetheus/Documents/Digital Systems Design/Labs/HW1/Part6/mux_3w_8_to_1.sv Line: 5
Info (12128): Elaborating entity "Mux_3w_8_to_1" for hierarchy "Mux_3w_8_to_1:Mux_3w_8_to_1_Part6_7" File: C:/Users/Epimetheus/Documents/Digital Systems Design/Labs/HW1/Part6/part6.sv Line: 4
Warning (12125): Using design file mux_8_to_1.sv, which is not specified as a design file for the current project, but contains definitions for 1 design units and 1 entities in project
    Info (12023): Found entity 1: Mux_8_to_1 File: C:/Users/Epimetheus/Documents/Digital Systems Design/Labs/HW1/Part6/mux_8_to_1.sv Line: 1
Info (12128): Elaborating entity "Mux_8_to_1" for hierarchy "Mux_3w_8_to_1:Mux_3w_8_to_1_Part6_7|Mux_8_to_1:Mux_8_to_1_part6_1" File: C:/Users/Epimetheus/Documents/Digital Systems Design/Labs/HW1/Part6/mux_3w_8_to_1.sv Line: 6
Warning (12125): Using design file hexhelo.sv, which is not specified as a design file for the current project, but contains definitions for 1 design units and 1 entities in project
    Info (12023): Found entity 1: HexHELO File: C:/Users/Epimetheus/Documents/Digital Systems Design/Labs/HW1/Part6/hexhelo.sv Line: 1
Info (12128): Elaborating entity "HexHELO" for hierarchy "HexHELO:HexHELO_Part6_7" File: C:/Users/Epimetheus/Documents/Digital Systems Design/Labs/HW1/Part6/part6.sv Line: 13
Error (12003): Port at position 11 does not exist in macrofunction "Mux_3w_8_to_1_Part6_0" File: C:/Users/Epimetheus/Documents/Digital Systems Design/Labs/HW1/Part6/part6.sv Line: 11
Error (12003): Port at position 11 does not exist in macrofunction "Mux_3w_8_to_1_Part6_1" File: C:/Users/Epimetheus/Documents/Digital Systems Design/Labs/HW1/Part6/part6.sv Line: 10
Error (12003): Port at position 11 does not exist in macrofunction "Mux_3w_8_to_1_Part6_2" File: C:/Users/Epimetheus/Documents/Digital Systems Design/Labs/HW1/Part6/part6.sv Line: 9
Error (12003): Port at position 11 does not exist in macrofunction "Mux_3w_8_to_1_Part6_3" File: C:/Users/Epimetheus/Documents/Digital Systems Design/Labs/HW1/Part6/part6.sv Line: 8
Error (12003): Port at position 11 does not exist in macrofunction "Mux_3w_8_to_1_Part6_4" File: C:/Users/Epimetheus/Documents/Digital Systems Design/Labs/HW1/Part6/part6.sv Line: 7
Error (12003): Port at position 11 does not exist in macrofunction "Mux_3w_8_to_1_Part6_5" File: C:/Users/Epimetheus/Documents/Digital Systems Design/Labs/HW1/Part6/part6.sv Line: 6
Error (12003): Port at position 11 does not exist in macrofunction "Mux_3w_8_to_1_Part6_6" File: C:/Users/Epimetheus/Documents/Digital Systems Design/Labs/HW1/Part6/part6.sv Line: 5
Error (12003): Port at position 11 does not exist in macrofunction "Mux_3w_8_to_1_Part6_7" File: C:/Users/Epimetheus/Documents/Digital Systems Design/Labs/HW1/Part6/part6.sv Line: 4
Warning (12241): 9 hierarchies have connectivity warnings - see the Connectivity Checks report folder
Error: Quartus Prime Analysis & Synthesis was unsuccessful. 8 errors, 6 warnings
    Error: Peak virtual memory: 571 megabytes
    Error: Processing ended: Fri Apr 13 16:17:18 2018
    Error: Elapsed time: 00:00:12
    Error: Total CPU time (on all processors): 00:00:31


