Flow report for Lab_Project_A
Mon May 21 16:21:44 2018
Quartus Prime Version 17.0.0 Build 595 04/25/2017 SJ Lite Edition


---------------------
; Table of Contents ;
---------------------
  1. Legal Notice
  2. Flow Summary
  3. Flow Settings
  4. Flow Non-Default Global Settings
  5. Flow Elapsed Time
  6. Flow OS Summary
  7. Flow Log
  8. Flow Messages
  9. Flow Suppressed Messages



----------------
; Legal Notice ;
----------------
Copyright (C) 2017  Intel Corporation. All rights reserved.
Your use of Intel Corporation's design tools, logic functions 
and other software and tools, and its AMPP partner logic 
functions, and any output files from any of the foregoing 
(including device programming or simulation files), and any 
associated documentation or information are expressly subject 
to the terms and conditions of the Intel Program License 
Subscription Agreement, the Intel Quartus Prime License Agreement,
the Intel MegaCore Function License Agreement, or other 
applicable license agreement, including, without limitation, 
that your use is for the sole purpose of programming logic 
devices manufactured by Intel and sold by Intel or its 
authorized distributors.  Please refer to the applicable 
agreement for further details.



+----------------------------------------------------------------------------------+
; Flow Summary                                                                     ;
+------------------------------------+---------------------------------------------+
; Flow Status                        ; Successful - Mon May 21 16:21:44 2018       ;
; Quartus Prime Version              ; 17.0.0 Build 595 04/25/2017 SJ Lite Edition ;
; Revision Name                      ; Lab_Project_A                               ;
; Top-level Entity Name              ; Lab_Project_A                               ;
; Family                             ; Cyclone IV E                                ;
; Device                             ; EP4CE115F29C7                               ;
; Timing Models                      ; Final                                       ;
; Total logic elements               ; 0 / 114,480 ( 0 % )                         ;
;     Total combinational functions  ; 0 / 114,480 ( 0 % )                         ;
;     Dedicated logic registers      ; 0 / 114,480 ( 0 % )                         ;
; Total registers                    ; 0                                           ;
; Total pins                         ; 4 / 529 ( < 1 % )                           ;
; Total virtual pins                 ; 0                                           ;
; Total memory bits                  ; 0 / 3,981,312 ( 0 % )                       ;
; Embedded Multiplier 9-bit elements ; 0 / 532 ( 0 % )                             ;
; Total PLLs                         ; 0 / 4 ( 0 % )                               ;
+------------------------------------+---------------------------------------------+


+-----------------------------------------+
; Flow Settings                           ;
+-------------------+---------------------+
; Option            ; Setting             ;
+-------------------+---------------------+
; Start date & time ; 05/21/2018 16:21:06 ;
; Main task         ; Compilation         ;
; Revision Name     ; Lab_Project_A       ;
+-------------------+---------------------+


+----------------------------------------------------------------------------------------------------------------------------------+
; Flow Non-Default Global Settings                                                                                                 ;
+--------------------------------------+----------------------------------------+---------------+-------------+--------------------+
; Assignment Name                      ; Value                                  ; Default Value ; Entity Name ; Section Id         ;
+--------------------------------------+----------------------------------------+---------------+-------------+--------------------+
; COMPILER_SIGNATURE_ID                ; 268883477199238.152694486656036        ; --            ; --          ; --                 ;
; EDA_DESIGN_INSTANCE_NAME             ; DUT                                    ; --            ; --          ; TXDriver_testbench ;
; EDA_NATIVELINK_SIMULATION_TEST_BENCH ; TXDriver_testbench                     ; --            ; --          ; eda_simulation     ;
; EDA_OUTPUT_DATA_FORMAT               ; Systemverilog Hdl                      ; --            ; --          ; eda_simulation     ;
; EDA_SIMULATION_TOOL                  ; ModelSim-Altera (SystemVerilog)        ; <None>        ; --          ; --                 ;
; EDA_TEST_BENCH_ENABLE_STATUS         ; TEST_BENCH_MODE                        ; --            ; --          ; eda_simulation     ;
; EDA_TEST_BENCH_FILE                  ; TXDriver_testbench.sv                  ; --            ; --          ; TXDriver_testbench ;
; EDA_TEST_BENCH_MODULE_NAME           ; TXDriver_testbench                     ; --            ; --          ; TXDriver_testbench ;
; EDA_TEST_BENCH_NAME                  ; TXDriver_testbench                     ; --            ; --          ; eda_simulation     ;
; EDA_TIME_SCALE                       ; 1 ps                                   ; --            ; --          ; eda_simulation     ;
; MAX_CORE_JUNCTION_TEMP               ; 85                                     ; --            ; --          ; --                 ;
; MIN_CORE_JUNCTION_TEMP               ; 0                                      ; --            ; --          ; --                 ;
; MISC_FILE                            ; ROM_Memory_inst.v                      ; --            ; --          ; --                 ;
; MISC_FILE                            ; ROM_Memory_bb.v                        ; --            ; --          ; --                 ;
; NOMINAL_CORE_SUPPLY_VOLTAGE          ; 1.2V                                   ; --            ; --          ; --                 ;
; PARTITION_COLOR                      ; -- (Not supported for targeted family) ; --            ; --          ; Top                ;
; PARTITION_FITTER_PRESERVATION_LEVEL  ; -- (Not supported for targeted family) ; --            ; --          ; Top                ;
; PARTITION_NETLIST_TYPE               ; -- (Not supported for targeted family) ; --            ; --          ; Top                ;
; POWER_BOARD_THERMAL_MODEL            ; None (CONSERVATIVE)                    ; --            ; --          ; --                 ;
; POWER_PRESET_COOLING_SOLUTION        ; 23 MM HEAT SINK WITH 200 LFPM AIRFLOW  ; --            ; --          ; --                 ;
; PROJECT_OUTPUT_DIRECTORY             ; output_files                           ; --            ; --          ; --                 ;
; STATE_MACHINE_PROCESSING             ; User-Encoded                           ; Auto          ; --          ; --                 ;
+--------------------------------------+----------------------------------------+---------------+-------------+--------------------+


+-------------------------------------------------------------------------------------------------------------------------------+
; Flow Elapsed Time                                                                                                             ;
+---------------------------+--------------+-------------------------+---------------------+------------------------------------+
; Module Name               ; Elapsed Time ; Average Processors Used ; Peak Virtual Memory ; Total CPU Time (on all processors) ;
+---------------------------+--------------+-------------------------+---------------------+------------------------------------+
; Analysis & Synthesis      ; 00:00:12     ; 1.0                     ; 596 MB              ; 00:00:28                           ;
; Fitter                    ; 00:00:12     ; 1.0                     ; 1483 MB             ; 00:00:19                           ;
; Assembler                 ; 00:00:04     ; 1.0                     ; 551 MB              ; 00:00:04                           ;
; TimeQuest Timing Analyzer ; 00:00:03     ; 1.0                     ; 692 MB              ; 00:00:02                           ;
; EDA Netlist Writer        ; 00:00:01     ; 1.0                     ; 509 MB              ; 00:00:01                           ;
; Total                     ; 00:00:32     ; --                      ; --                  ; 00:00:54                           ;
+---------------------------+--------------+-------------------------+---------------------+------------------------------------+


+----------------------------------------------------------------------------------------+
; Flow OS Summary                                                                        ;
+---------------------------+------------------+-----------+------------+----------------+
; Module Name               ; Machine Hostname ; OS Name   ; OS Version ; Processor type ;
+---------------------------+------------------+-----------+------------+----------------+
; Analysis & Synthesis      ; Epimetheus-PC    ; Windows 7 ; 6.1        ; x86_64         ;
; Fitter                    ; Epimetheus-PC    ; Windows 7 ; 6.1        ; x86_64         ;
; Assembler                 ; Epimetheus-PC    ; Windows 7 ; 6.1        ; x86_64         ;
; TimeQuest Timing Analyzer ; Epimetheus-PC    ; Windows 7 ; 6.1        ; x86_64         ;
; EDA Netlist Writer        ; Epimetheus-PC    ; Windows 7 ; 6.1        ; x86_64         ;
+---------------------------+------------------+-----------+------------+----------------+


------------
; Flow Log ;
------------
quartus_map --read_settings_files=on --write_settings_files=off Lab_Project_A -c Lab_Project_A
quartus_fit --read_settings_files=off --write_settings_files=off Lab_Project_A -c Lab_Project_A
quartus_asm --read_settings_files=off --write_settings_files=off Lab_Project_A -c Lab_Project_A
quartus_sta Lab_Project_A -c Lab_Project_A
quartus_eda --read_settings_files=off --write_settings_files=off Lab_Project_A -c Lab_Project_A



