Analysis & Synthesis report for Lab_Project_A
Mon May 21 11:22:03 2018
Quartus Prime Version 17.0.0 Build 595 04/25/2017 SJ Lite Edition


---------------------
; Table of Contents ;
---------------------
  1. Legal Notice
  2. Analysis & Synthesis Summary
  3. Analysis & Synthesis Settings
  4. Parallel Compilation
  5. Analysis & Synthesis Source Files Read
  6. Analysis & Synthesis Resource Usage Summary
  7. Analysis & Synthesis Resource Utilization by Entity
  8. Analysis & Synthesis IP Cores Summary
  9. State Machine - |Lab_Project_A|TXDriver:TXD|CurrentState
 10. Registers Removed During Synthesis
 11. Removed Registers Triggering Further Register Optimizations
 12. General Register Statistics
 13. Multiplexer Restructuring Statistics (Restructuring Performed)
 14. Source assignments for TXDriver:TXD|ROM_Memory:RM|altsyncram:altsyncram_component|altsyncram_ika1:auto_generated
 15. Parameter Settings for User Entity Instance: TXDriver:TXD
 16. Parameter Settings for User Entity Instance: TXDriver:TXD|ROM_Memory:RM|altsyncram:altsyncram_component
 17. altsyncram Parameter Settings by Entity Instance
 18. Port Connectivity Checks: "TXDriver:TXD|ROM_Memory:RM"
 19. Port Connectivity Checks: "TXDriver:TXD"
 20. Post-Synthesis Netlist Statistics for Top Partition
 21. Elapsed Time Per Partition
 22. Analysis & Synthesis Messages
 23. Analysis & Synthesis Suppressed Messages



----------------
; Legal Notice ;
----------------
Copyright (C) 2017  Intel Corporation. All rights reserved.
Your use of Intel Corporation's design tools, logic functions 
and other software and tools, and its AMPP partner logic 
functions, and any output files from any of the foregoing 
(including device programming or simulation files), and any 
associated documentation or information are expressly subject 
to the terms and conditions of the Intel Program License 
Subscription Agreement, the Intel Quartus Prime License Agreement,
the Intel MegaCore Function License Agreement, or other 
applicable license agreement, including, without limitation, 
that your use is for the sole purpose of programming logic 
devices manufactured by Intel and sold by Intel or its 
authorized distributors.  Please refer to the applicable 
agreement for further details.



+----------------------------------------------------------------------------------+
; Analysis & Synthesis Summary                                                     ;
+------------------------------------+---------------------------------------------+
; Analysis & Synthesis Status        ; Successful - Mon May 21 11:22:03 2018       ;
; Quartus Prime Version              ; 17.0.0 Build 595 04/25/2017 SJ Lite Edition ;
; Revision Name                      ; Lab_Project_A                               ;
; Top-level Entity Name              ; Lab_Project_A                               ;
; Family                             ; Cyclone IV E                                ;
; Total logic elements               ; 0                                           ;
;     Total combinational functions  ; 0                                           ;
;     Dedicated logic registers      ; 0                                           ;
; Total registers                    ; 0                                           ;
; Total pins                         ; 4                                           ;
; Total virtual pins                 ; 0                                           ;
; Total memory bits                  ; 0                                           ;
; Embedded Multiplier 9-bit elements ; 0                                           ;
; Total PLLs                         ; 0                                           ;
+------------------------------------+---------------------------------------------+


+----------------------------------------------------------------------------------------------------------------------+
; Analysis & Synthesis Settings                                                                                        ;
+----------------------------------------------------------------------------+--------------------+--------------------+
; Option                                                                     ; Setting            ; Default Value      ;
+----------------------------------------------------------------------------+--------------------+--------------------+
; Device                                                                     ; EP4CE115F29C7      ;                    ;
; Top-level entity name                                                      ; Lab_Project_A      ; Lab_Project_A      ;
; Family name                                                                ; Cyclone IV E       ; Cyclone V          ;
; State Machine Processing                                                   ; User-Encoded       ; Auto               ;
; Use smart compilation                                                      ; Off                ; Off                ;
; Enable parallel Assembler and TimeQuest Timing Analyzer during compilation ; On                 ; On                 ;
; Enable compact report table                                                ; Off                ; Off                ;
; Restructure Multiplexers                                                   ; Auto               ; Auto               ;
; Create Debugging Nodes for IP Cores                                        ; Off                ; Off                ;
; Preserve fewer node names                                                  ; On                 ; On                 ;
; OpenCore Plus hardware evaluation                                          ; Enable             ; Enable             ;
; Verilog Version                                                            ; Verilog_2001       ; Verilog_2001       ;
; VHDL Version                                                               ; VHDL_1993          ; VHDL_1993          ;
; Safe State Machine                                                         ; Off                ; Off                ;
; Extract Verilog State Machines                                             ; On                 ; On                 ;
; Extract VHDL State Machines                                                ; On                 ; On                 ;
; Ignore Verilog initial constructs                                          ; Off                ; Off                ;
; Iteration limit for constant Verilog loops                                 ; 5000               ; 5000               ;
; Iteration limit for non-constant Verilog loops                             ; 250                ; 250                ;
; Add Pass-Through Logic to Inferred RAMs                                    ; On                 ; On                 ;
; Infer RAMs from Raw Logic                                                  ; On                 ; On                 ;
; Parallel Synthesis                                                         ; On                 ; On                 ;
; DSP Block Balancing                                                        ; Auto               ; Auto               ;
; NOT Gate Push-Back                                                         ; On                 ; On                 ;
; Power-Up Don't Care                                                        ; On                 ; On                 ;
; Remove Redundant Logic Cells                                               ; Off                ; Off                ;
; Remove Duplicate Registers                                                 ; On                 ; On                 ;
; Ignore CARRY Buffers                                                       ; Off                ; Off                ;
; Ignore CASCADE Buffers                                                     ; Off                ; Off                ;
; Ignore GLOBAL Buffers                                                      ; Off                ; Off                ;
; Ignore ROW GLOBAL Buffers                                                  ; Off                ; Off                ;
; Ignore LCELL Buffers                                                       ; Off                ; Off                ;
; Ignore SOFT Buffers                                                        ; On                 ; On                 ;
; Limit AHDL Integers to 32 Bits                                             ; Off                ; Off                ;
; Optimization Technique                                                     ; Balanced           ; Balanced           ;
; Carry Chain Length                                                         ; 70                 ; 70                 ;
; Auto Carry Chains                                                          ; On                 ; On                 ;
; Auto Open-Drain Pins                                                       ; On                 ; On                 ;
; Perform WYSIWYG Primitive Resynthesis                                      ; Off                ; Off                ;
; Auto ROM Replacement                                                       ; On                 ; On                 ;
; Auto RAM Replacement                                                       ; On                 ; On                 ;
; Auto DSP Block Replacement                                                 ; On                 ; On                 ;
; Auto Shift Register Replacement                                            ; Auto               ; Auto               ;
; Allow Shift Register Merging across Hierarchies                            ; Auto               ; Auto               ;
; Auto Clock Enable Replacement                                              ; On                 ; On                 ;
; Strict RAM Replacement                                                     ; Off                ; Off                ;
; Allow Synchronous Control Signals                                          ; On                 ; On                 ;
; Force Use of Synchronous Clear Signals                                     ; Off                ; Off                ;
; Auto RAM Block Balancing                                                   ; On                 ; On                 ;
; Auto RAM to Logic Cell Conversion                                          ; Off                ; Off                ;
; Auto Resource Sharing                                                      ; Off                ; Off                ;
; Allow Any RAM Size For Recognition                                         ; Off                ; Off                ;
; Allow Any ROM Size For Recognition                                         ; Off                ; Off                ;
; Allow Any Shift Register Size For Recognition                              ; Off                ; Off                ;
; Use LogicLock Constraints during Resource Balancing                        ; On                 ; On                 ;
; Ignore translate_off and synthesis_off directives                          ; Off                ; Off                ;
; Timing-Driven Synthesis                                                    ; On                 ; On                 ;
; Report Parameter Settings                                                  ; On                 ; On                 ;
; Report Source Assignments                                                  ; On                 ; On                 ;
; Report Connectivity Checks                                                 ; On                 ; On                 ;
; Ignore Maximum Fan-Out Assignments                                         ; Off                ; Off                ;
; Synchronization Register Chain Length                                      ; 2                  ; 2                  ;
; PowerPlay Power Optimization During Synthesis                              ; Normal compilation ; Normal compilation ;
; HDL message level                                                          ; Level2             ; Level2             ;
; Suppress Register Optimization Related Messages                            ; Off                ; Off                ;
; Number of Removed Registers Reported in Synthesis Report                   ; 5000               ; 5000               ;
; Number of Swept Nodes Reported in Synthesis Report                         ; 5000               ; 5000               ;
; Number of Inverted Registers Reported in Synthesis Report                  ; 100                ; 100                ;
; Clock MUX Protection                                                       ; On                 ; On                 ;
; Auto Gated Clock Conversion                                                ; Off                ; Off                ;
; Block Design Naming                                                        ; Auto               ; Auto               ;
; SDC constraint protection                                                  ; Off                ; Off                ;
; Synthesis Effort                                                           ; Auto               ; Auto               ;
; Shift Register Replacement - Allow Asynchronous Clear Signal               ; On                 ; On                 ;
; Pre-Mapping Resynthesis Optimization                                       ; Off                ; Off                ;
; Analysis & Synthesis Message Level                                         ; Medium             ; Medium             ;
; Disable Register Merging Across Hierarchies                                ; Auto               ; Auto               ;
; Resource Aware Inference For Block RAM                                     ; On                 ; On                 ;
+----------------------------------------------------------------------------+--------------------+--------------------+


+------------------------------------------+
; Parallel Compilation                     ;
+----------------------------+-------------+
; Processors                 ; Number      ;
+----------------------------+-------------+
; Number detected on machine ; 8           ;
; Maximum allowed            ; 4           ;
;                            ;             ;
; Average used               ; 1.00        ;
; Maximum used               ; 1           ;
;                            ;             ;
; Usage by Processor         ; % Time Used ;
;     Processor 1            ; 100.0%      ;
+----------------------------+-------------+


+--------------------------------------------------------------------------------------------------------------------------------------------------------------------------------------------------------+
; Analysis & Synthesis Source Files Read                                                                                                                                                                 ;
+----------------------------------+-----------------+----------------------------------+------------------------------------------------------------------------------------------------------+---------+
; File Name with User-Entered Path ; Used in Netlist ; File Type                        ; File Name with Absolute Path                                                                         ; Library ;
+----------------------------------+-----------------+----------------------------------+------------------------------------------------------------------------------------------------------+---------+
; Lab_Project_A.sv                 ; yes             ; User SystemVerilog HDL File      ; C:/Users/Epimetheus/Documents/GitHub/Digital-System-Design/UART_Demonstration/Lab_Project_A.sv       ;         ;
; TXDriver.sv                      ; yes             ; User SystemVerilog HDL File      ; C:/Users/Epimetheus/Documents/GitHub/Digital-System-Design/UART_Demonstration/TXDriver.sv            ;         ;
; sanity_check.mif                 ; yes             ; User Memory Initialization File  ; C:/Users/Epimetheus/Documents/GitHub/Digital-System-Design/UART_Demonstration/sanity_check.mif       ;         ;
; ROM_Memory.v                     ; yes             ; User Wizard-Generated File       ; C:/Users/Epimetheus/Documents/GitHub/Digital-System-Design/UART_Demonstration/ROM_Memory.v           ;         ;
; Counter.sv                       ; yes             ; User SystemVerilog HDL File      ; C:/Users/Epimetheus/Documents/GitHub/Digital-System-Design/UART_Demonstration/Counter.sv             ;         ;
; altsyncram.tdf                   ; yes             ; Megafunction                     ; c:/intelfpga_lite/17.0/quartus/libraries/megafunctions/altsyncram.tdf                                ;         ;
; stratix_ram_block.inc            ; yes             ; Megafunction                     ; c:/intelfpga_lite/17.0/quartus/libraries/megafunctions/stratix_ram_block.inc                         ;         ;
; lpm_mux.inc                      ; yes             ; Megafunction                     ; c:/intelfpga_lite/17.0/quartus/libraries/megafunctions/lpm_mux.inc                                   ;         ;
; lpm_decode.inc                   ; yes             ; Megafunction                     ; c:/intelfpga_lite/17.0/quartus/libraries/megafunctions/lpm_decode.inc                                ;         ;
; aglobal170.inc                   ; yes             ; Megafunction                     ; c:/intelfpga_lite/17.0/quartus/libraries/megafunctions/aglobal170.inc                                ;         ;
; a_rdenreg.inc                    ; yes             ; Megafunction                     ; c:/intelfpga_lite/17.0/quartus/libraries/megafunctions/a_rdenreg.inc                                 ;         ;
; altrom.inc                       ; yes             ; Megafunction                     ; c:/intelfpga_lite/17.0/quartus/libraries/megafunctions/altrom.inc                                    ;         ;
; altram.inc                       ; yes             ; Megafunction                     ; c:/intelfpga_lite/17.0/quartus/libraries/megafunctions/altram.inc                                    ;         ;
; altdpram.inc                     ; yes             ; Megafunction                     ; c:/intelfpga_lite/17.0/quartus/libraries/megafunctions/altdpram.inc                                  ;         ;
; db/altsyncram_ika1.tdf           ; yes             ; Auto-Generated Megafunction      ; C:/Users/Epimetheus/Documents/GitHub/Digital-System-Design/UART_Demonstration/db/altsyncram_ika1.tdf ;         ;
+----------------------------------+-----------------+----------------------------------+------------------------------------------------------------------------------------------------------+---------+


+--------------------------------------------------------------+
; Analysis & Synthesis Resource Usage Summary                  ;
+---------------------------------------------+----------------+
; Resource                                    ; Usage          ;
+---------------------------------------------+----------------+
;                                             ;                ;
; Total combinational functions               ; 0              ;
; Logic element usage by number of LUT inputs ;                ;
;     -- 4 input functions                    ; 0              ;
;     -- 3 input functions                    ; 0              ;
;     -- <=2 input functions                  ; 0              ;
;                                             ;                ;
; Logic elements by mode                      ;                ;
;     -- normal mode                          ; 0              ;
;     -- arithmetic mode                      ; 0              ;
;                                             ;                ;
; Total registers                             ; 0              ;
;     -- Dedicated logic registers            ; 0              ;
;     -- I/O registers                        ; 0              ;
;                                             ;                ;
; I/O pins                                    ; 4              ;
;                                             ;                ;
; Embedded Multiplier 9-bit elements          ; 0              ;
;                                             ;                ;
; Maximum fan-out node                        ; GPIO[0]~output ;
; Maximum fan-out                             ; 1              ;
; Total fan-out                               ; 4              ;
; Average fan-out                             ; 0.50           ;
+---------------------------------------------+----------------+


+------------------------------------------------------------------------------------------------------------------------------------------------------------------------------------------------------------+
; Analysis & Synthesis Resource Utilization by Entity                                                                                                                                                        ;
+----------------------------+---------------------+---------------------------+-------------+--------------+---------+-----------+------+--------------+---------------------+---------------+--------------+
; Compilation Hierarchy Node ; Combinational ALUTs ; Dedicated Logic Registers ; Memory Bits ; DSP Elements ; DSP 9x9 ; DSP 18x18 ; Pins ; Virtual Pins ; Full Hierarchy Name ; Entity Name   ; Library Name ;
+----------------------------+---------------------+---------------------------+-------------+--------------+---------+-----------+------+--------------+---------------------+---------------+--------------+
; |Lab_Project_A             ; 0 (0)               ; 0 (0)                     ; 0           ; 0            ; 0       ; 0         ; 4    ; 0            ; |Lab_Project_A      ; Lab_Project_A ; work         ;
+----------------------------+---------------------+---------------------------+-------------+--------------+---------+-----------+------+--------------+---------------------+---------------+--------------+
Note: For table entries with two numbers listed, the numbers in parentheses indicate the number of resources of the given type used by the specific entity alone. The numbers listed outside of parentheses indicate the total resources of the given type used by the specific entity and all of its sub-entities in the hierarchy.


+-----------------------------------------------------------------------------------------------------------------------------+
; Analysis & Synthesis IP Cores Summary                                                                                       ;
+--------+--------------+---------+--------------+--------------+-------------------------------------------+-----------------+
; Vendor ; IP Core Name ; Version ; Release Date ; License Type ; Entity Instance                           ; IP Include File ;
+--------+--------------+---------+--------------+--------------+-------------------------------------------+-----------------+
; Altera ; ROM: 1-PORT  ; 17.0    ; N/A          ; N/A          ; |Lab_Project_A|TXDriver:TXD|ROM_Memory:RM ; ROM_Memory.v    ;
+--------+--------------+---------+--------------+--------------+-------------------------------------------+-----------------+


Encoding Type:  User-Encoded
+---------------------------------------------------------------------------------+
; State Machine - |Lab_Project_A|TXDriver:TXD|CurrentState                        ;
+------------------------------+----------------+----------------+----------------+
; Name                         ; CurrentState~9 ; CurrentState~8 ; CurrentState~7 ;
+------------------------------+----------------+----------------+----------------+
; CurrentState.TX_INIT         ; 0              ; 0              ; 0              ;
; CurrentState.TX_START        ; 0              ; 0              ; 1              ;
; CurrentState.TX_PROCESS_DATA ; 0              ; 1              ; 0              ;
; CurrentState.TX_SEND_DATA    ; 0              ; 1              ; 1              ;
; CurrentState.TX_IDLE         ; 1              ; 0              ; 0              ;
+------------------------------+----------------+----------------+----------------+


+-------------------------------------------------------------+
; Registers Removed During Synthesis                          ;
+----------------------------------------+--------------------+
; Register name                          ; Reason for Removal ;
+----------------------------------------+--------------------+
; TXDriver:TXD|Address[0..7]             ; Lost fanout        ;
; TXDriver:TXD|Counter[0..25]            ; Lost fanout        ;
; Counter:C|Counter[0..9]                ; Lost fanout        ;
; TXDriver:TXD|CurrentState~7            ; Lost fanout        ;
; TXDriver:TXD|CurrentState~8            ; Lost fanout        ;
; TXDriver:TXD|CurrentState~9            ; Lost fanout        ;
; Total Number of Removed Registers = 47 ;                    ;
+----------------------------------------+--------------------+


+----------------------------------------------------------------------------------------------------------------------------------------+
; Removed Registers Triggering Further Register Optimizations                                                                            ;
+-------------------------+--------------------+-----------------------------------------------------------------------------------------+
; Register name           ; Reason for Removal ; Registers Removed due to This Register                                                  ;
+-------------------------+--------------------+-----------------------------------------------------------------------------------------+
; TXDriver:TXD|Counter[9] ; Lost Fanouts       ; TXDriver:TXD|Counter[8], TXDriver:TXD|Counter[7], TXDriver:TXD|Counter[6],              ;
;                         ;                    ; TXDriver:TXD|Counter[5], TXDriver:TXD|Counter[4], TXDriver:TXD|Counter[3],              ;
;                         ;                    ; TXDriver:TXD|Counter[2], TXDriver:TXD|Counter[1], TXDriver:TXD|Counter[0],              ;
;                         ;                    ; TXDriver:TXD|Counter[10], TXDriver:TXD|Counter[11], TXDriver:TXD|Counter[12],           ;
;                         ;                    ; TXDriver:TXD|Counter[13], TXDriver:TXD|Counter[14], TXDriver:TXD|Counter[15],           ;
;                         ;                    ; TXDriver:TXD|Counter[16], TXDriver:TXD|Counter[17], TXDriver:TXD|Counter[18],           ;
;                         ;                    ; TXDriver:TXD|Counter[19], TXDriver:TXD|Counter[20], TXDriver:TXD|Counter[21],           ;
;                         ;                    ; TXDriver:TXD|Counter[22], TXDriver:TXD|Counter[23], TXDriver:TXD|Counter[24],           ;
;                         ;                    ; TXDriver:TXD|Counter[25], Counter:C|Counter[0], TXDriver:TXD|CurrentState~9             ;
; TXDriver:TXD|Address[0] ; Lost Fanouts       ; Counter:C|Counter[3], Counter:C|Counter[2], Counter:C|Counter[1], Counter:C|Counter[4], ;
;                         ;                    ; Counter:C|Counter[5], Counter:C|Counter[6], Counter:C|Counter[7], Counter:C|Counter[8], ;
;                         ;                    ; Counter:C|Counter[9]                                                                    ;
+-------------------------+--------------------+-----------------------------------------------------------------------------------------+


+------------------------------------------------------+
; General Register Statistics                          ;
+----------------------------------------------+-------+
; Statistic                                    ; Value ;
+----------------------------------------------+-------+
; Total registers                              ; 0     ;
; Number of registers using Synchronous Clear  ; 0     ;
; Number of registers using Synchronous Load   ; 0     ;
; Number of registers using Asynchronous Clear ; 0     ;
; Number of registers using Asynchronous Load  ; 0     ;
; Number of registers using Clock Enable       ; 0     ;
; Number of registers using Preset             ; 0     ;
+----------------------------------------------+-------+


+------------------------------------------------------------------------------------------------------------------------------------------------------+
; Multiplexer Restructuring Statistics (Restructuring Performed)                                                                                       ;
+--------------------+-----------+---------------+----------------------+------------------------+------------+----------------------------------------+
; Multiplexer Inputs ; Bus Width ; Baseline Area ; Area if Restructured ; Saving if Restructured ; Registered ; Example Multiplexer Output             ;
+--------------------+-----------+---------------+----------------------+------------------------+------------+----------------------------------------+
; 3:1                ; 26 bits   ; 52 LEs        ; 26 LEs               ; 26 LEs                 ; Yes        ; |Lab_Project_A|TXDriver:TXD|Counter[9] ;
+--------------------+-----------+---------------+----------------------+------------------------+------------+----------------------------------------+


+------------------------------------------------------------------------------------------------------------------+
; Source assignments for TXDriver:TXD|ROM_Memory:RM|altsyncram:altsyncram_component|altsyncram_ika1:auto_generated ;
+---------------------------------+--------------------+------+----------------------------------------------------+
; Assignment                      ; Value              ; From ; To                                                 ;
+---------------------------------+--------------------+------+----------------------------------------------------+
; OPTIMIZE_POWER_DURING_SYNTHESIS ; NORMAL_COMPILATION ; -    ; -                                                  ;
+---------------------------------+--------------------+------+----------------------------------------------------+


+-----------------------------------------------------------+
; Parameter Settings for User Entity Instance: TXDriver:TXD ;
+----------------+-------+----------------------------------+
; Parameter Name ; Value ; Type                             ;
+----------------+-------+----------------------------------+
; ROLLOVER       ; 38399 ; Signed Integer                   ;
; MIF_EOF_LENGTH ; 16    ; Signed Integer                   ;
+----------------+-------+----------------------------------+
Note: In order to hide this table in the UI and the text report file, please set the "Show Parameter Settings in Synthesis Report" option in "Analysis and Synthesis Settings -> More Settings" to "Off".


+---------------------------------------------------------------------------------------------------------+
; Parameter Settings for User Entity Instance: TXDriver:TXD|ROM_Memory:RM|altsyncram:altsyncram_component ;
+------------------------------------+----------------------+---------------------------------------------+
; Parameter Name                     ; Value                ; Type                                        ;
+------------------------------------+----------------------+---------------------------------------------+
; BYTE_SIZE_BLOCK                    ; 8                    ; Untyped                                     ;
; AUTO_CARRY_CHAINS                  ; ON                   ; AUTO_CARRY                                  ;
; IGNORE_CARRY_BUFFERS               ; OFF                  ; IGNORE_CARRY                                ;
; AUTO_CASCADE_CHAINS                ; ON                   ; AUTO_CASCADE                                ;
; IGNORE_CASCADE_BUFFERS             ; OFF                  ; IGNORE_CASCADE                              ;
; WIDTH_BYTEENA                      ; 1                    ; Untyped                                     ;
; OPERATION_MODE                     ; ROM                  ; Untyped                                     ;
; WIDTH_A                            ; 8                    ; Signed Integer                              ;
; WIDTHAD_A                          ; 8                    ; Signed Integer                              ;
; NUMWORDS_A                         ; 256                  ; Signed Integer                              ;
; OUTDATA_REG_A                      ; CLOCK0               ; Untyped                                     ;
; ADDRESS_ACLR_A                     ; NONE                 ; Untyped                                     ;
; OUTDATA_ACLR_A                     ; NONE                 ; Untyped                                     ;
; WRCONTROL_ACLR_A                   ; NONE                 ; Untyped                                     ;
; INDATA_ACLR_A                      ; NONE                 ; Untyped                                     ;
; BYTEENA_ACLR_A                     ; NONE                 ; Untyped                                     ;
; WIDTH_B                            ; 1                    ; Untyped                                     ;
; WIDTHAD_B                          ; 1                    ; Untyped                                     ;
; NUMWORDS_B                         ; 1                    ; Untyped                                     ;
; INDATA_REG_B                       ; CLOCK1               ; Untyped                                     ;
; WRCONTROL_WRADDRESS_REG_B          ; CLOCK1               ; Untyped                                     ;
; RDCONTROL_REG_B                    ; CLOCK1               ; Untyped                                     ;
; ADDRESS_REG_B                      ; CLOCK1               ; Untyped                                     ;
; OUTDATA_REG_B                      ; UNREGISTERED         ; Untyped                                     ;
; BYTEENA_REG_B                      ; CLOCK1               ; Untyped                                     ;
; INDATA_ACLR_B                      ; NONE                 ; Untyped                                     ;
; WRCONTROL_ACLR_B                   ; NONE                 ; Untyped                                     ;
; ADDRESS_ACLR_B                     ; NONE                 ; Untyped                                     ;
; OUTDATA_ACLR_B                     ; NONE                 ; Untyped                                     ;
; RDCONTROL_ACLR_B                   ; NONE                 ; Untyped                                     ;
; BYTEENA_ACLR_B                     ; NONE                 ; Untyped                                     ;
; WIDTH_BYTEENA_A                    ; 1                    ; Signed Integer                              ;
; WIDTH_BYTEENA_B                    ; 1                    ; Untyped                                     ;
; RAM_BLOCK_TYPE                     ; AUTO                 ; Untyped                                     ;
; BYTE_SIZE                          ; 8                    ; Untyped                                     ;
; READ_DURING_WRITE_MODE_MIXED_PORTS ; DONT_CARE            ; Untyped                                     ;
; READ_DURING_WRITE_MODE_PORT_A      ; NEW_DATA_NO_NBE_READ ; Untyped                                     ;
; READ_DURING_WRITE_MODE_PORT_B      ; NEW_DATA_NO_NBE_READ ; Untyped                                     ;
; INIT_FILE                          ; sanity_check.mif     ; Untyped                                     ;
; INIT_FILE_LAYOUT                   ; PORT_A               ; Untyped                                     ;
; MAXIMUM_DEPTH                      ; 0                    ; Untyped                                     ;
; CLOCK_ENABLE_INPUT_A               ; NORMAL               ; Untyped                                     ;
; CLOCK_ENABLE_INPUT_B               ; NORMAL               ; Untyped                                     ;
; CLOCK_ENABLE_OUTPUT_A              ; NORMAL               ; Untyped                                     ;
; CLOCK_ENABLE_OUTPUT_B              ; NORMAL               ; Untyped                                     ;
; CLOCK_ENABLE_CORE_A                ; USE_INPUT_CLKEN      ; Untyped                                     ;
; CLOCK_ENABLE_CORE_B                ; USE_INPUT_CLKEN      ; Untyped                                     ;
; ENABLE_ECC                         ; FALSE                ; Untyped                                     ;
; ECC_PIPELINE_STAGE_ENABLED         ; FALSE                ; Untyped                                     ;
; WIDTH_ECCSTATUS                    ; 3                    ; Untyped                                     ;
; DEVICE_FAMILY                      ; Cyclone IV E         ; Untyped                                     ;
; CBXI_PARAMETER                     ; altsyncram_ika1      ; Untyped                                     ;
+------------------------------------+----------------------+---------------------------------------------+
Note: In order to hide this table in the UI and the text report file, please set the "Show Parameter Settings in Synthesis Report" option in "Analysis and Synthesis Settings -> More Settings" to "Off".


+--------------------------------------------------------------------------------------------------------+
; altsyncram Parameter Settings by Entity Instance                                                       ;
+-------------------------------------------+------------------------------------------------------------+
; Name                                      ; Value                                                      ;
+-------------------------------------------+------------------------------------------------------------+
; Number of entity instances                ; 1                                                          ;
; Entity Instance                           ; TXDriver:TXD|ROM_Memory:RM|altsyncram:altsyncram_component ;
;     -- OPERATION_MODE                     ; ROM                                                        ;
;     -- WIDTH_A                            ; 8                                                          ;
;     -- NUMWORDS_A                         ; 256                                                        ;
;     -- OUTDATA_REG_A                      ; CLOCK0                                                     ;
;     -- WIDTH_B                            ; 1                                                          ;
;     -- NUMWORDS_B                         ; 1                                                          ;
;     -- ADDRESS_REG_B                      ; CLOCK1                                                     ;
;     -- OUTDATA_REG_B                      ; UNREGISTERED                                               ;
;     -- RAM_BLOCK_TYPE                     ; AUTO                                                       ;
;     -- READ_DURING_WRITE_MODE_MIXED_PORTS ; DONT_CARE                                                  ;
+-------------------------------------------+------------------------------------------------------------+


+----------------------------------------------------------------------------------------------------------------------------------------------------------------------------------------------------------------+
; Port Connectivity Checks: "TXDriver:TXD|ROM_Memory:RM"                                                                                                                                                         ;
+---------+--------+----------+----------------------------------------------------------------------------------------------------------------------------------------------------------------------------------+
; Port    ; Type   ; Severity ; Details                                                                                                                                                                          ;
+---------+--------+----------+----------------------------------------------------------------------------------------------------------------------------------------------------------------------------------+
; address ; Input  ; Warning  ; Input port expression (1 bits) is smaller than the input port (8 bits) it drives.  Extra input bit(s) "address[7..1]" will be connected to GND.                                  ;
; clken   ; Input  ; Warning  ; Input port expression (8 bits) is wider than the input port (1 bits) it drives.  The 7 most-significant bit(s) in the expression will be dangling if they have no other fanouts. ;
; clock   ; Input  ; Warning  ; Input port expression (8 bits) is wider than the input port (1 bits) it drives.  The 7 most-significant bit(s) in the expression will be dangling if they have no other fanouts. ;
; q       ; Output ; Warning  ; Declared by entity but not connected by instance. Logic that only feeds a dangling port will be removed.                                                                         ;
+---------+--------+----------+----------------------------------------------------------------------------------------------------------------------------------------------------------------------------------+


+------------------------------------------------------------------------------------------------------------------+
; Port Connectivity Checks: "TXDriver:TXD"                                                                         ;
+--------+--------+----------+-------------------------------------------------------------------------------------+
; Port   ; Type   ; Severity ; Details                                                                             ;
+--------+--------+----------+-------------------------------------------------------------------------------------+
; XMitGo ; Output ; Info     ; Connected to dangling logic. Logic that only feeds a dangling port will be removed. ;
; TxData ; Output ; Info     ; Connected to dangling logic. Logic that only feeds a dangling port will be removed. ;
+--------+--------+----------+-------------------------------------------------------------------------------------+


+-----------------------------------------------------+
; Post-Synthesis Netlist Statistics for Top Partition ;
+-----------------------+-----------------------------+
; Type                  ; Count                       ;
+-----------------------+-----------------------------+
; boundary_port         ; 4                           ;
; cycloneiii_lcell_comb ; 1                           ;
;     normal            ; 1                           ;
;         0 data inputs ; 1                           ;
;                       ;                             ;
; Max LUT depth         ; 0.00                        ;
; Average LUT depth     ; 0.00                        ;
+-----------------------+-----------------------------+


+-------------------------------+
; Elapsed Time Per Partition    ;
+----------------+--------------+
; Partition Name ; Elapsed Time ;
+----------------+--------------+
; Top            ; 00:00:00     ;
+----------------+--------------+


+-------------------------------+
; Analysis & Synthesis Messages ;
+-------------------------------+
Info: *******************************************************************
Info: Running Quartus Prime Analysis & Synthesis
    Info: Version 17.0.0 Build 595 04/25/2017 SJ Lite Edition
    Info: Processing started: Mon May 21 11:21:50 2018
Info: Command: quartus_map --read_settings_files=on --write_settings_files=off Lab_Project_A -c Lab_Project_A
Warning (18236): Number of processors has not been specified which may cause overloading on shared machines.  Set the global assignment NUM_PARALLEL_PROCESSORS in your QSF to an appropriate value for best performance.
Info (20030): Parallel compilation is enabled and will use 4 of the 4 processors detected
Info (12021): Found 1 design units, including 1 entities, in source file lab_project_a.sv
    Info (12023): Found entity 1: Lab_Project_A File: C:/Users/Epimetheus/Documents/GitHub/Digital-System-Design/UART_Demonstration/Lab_Project_A.sv Line: 1
Info (12021): Found 2 design units, including 2 entities, in source file txdriver.sv
    Info (12023): Found entity 1: TXDriver File: C:/Users/Epimetheus/Documents/GitHub/Digital-System-Design/UART_Demonstration/TXDriver.sv Line: 11
    Info (12023): Found entity 2: TXDriver_testbench File: C:/Users/Epimetheus/Documents/GitHub/Digital-System-Design/UART_Demonstration/TXDriver.sv Line: 76
Info (12021): Found 1 design units, including 1 entities, in source file rom_memory.v
    Info (12023): Found entity 1: ROM_Memory File: C:/Users/Epimetheus/Documents/GitHub/Digital-System-Design/UART_Demonstration/ROM_Memory.v Line: 40
Warning (10229): Verilog HDL Expression warning at Counter.sv(6): truncated literal to match 10 bits File: C:/Users/Epimetheus/Documents/GitHub/Digital-System-Design/UART_Demonstration/Counter.sv Line: 6
Info (12021): Found 1 design units, including 1 entities, in source file counter.sv
    Info (12023): Found entity 1: Counter File: C:/Users/Epimetheus/Documents/GitHub/Digital-System-Design/UART_Demonstration/Counter.sv Line: 1
Warning (10236): Verilog HDL Implicit Net warning at TXDriver.sv(28): created implicit net for "TXData" File: C:/Users/Epimetheus/Documents/GitHub/Digital-System-Design/UART_Demonstration/TXDriver.sv Line: 28
Info (12127): Elaborating entity "Lab_Project_A" for the top level hierarchy
Warning (10858): Verilog HDL warning at Lab_Project_A.sv(2): object TxOut used but never assigned File: C:/Users/Epimetheus/Documents/GitHub/Digital-System-Design/UART_Demonstration/Lab_Project_A.sv Line: 2
Warning (10030): Net "TxOut" at Lab_Project_A.sv(2) has no driver or initial value, using a default initial value '0' File: C:/Users/Epimetheus/Documents/GitHub/Digital-System-Design/UART_Demonstration/Lab_Project_A.sv Line: 2
Warning (10034): Output port "GPIO[0]" at Lab_Project_A.sv(1) has no driver File: C:/Users/Epimetheus/Documents/GitHub/Digital-System-Design/UART_Demonstration/Lab_Project_A.sv Line: 1
Info (12128): Elaborating entity "Counter" for hierarchy "Counter:C" File: C:/Users/Epimetheus/Documents/GitHub/Digital-System-Design/UART_Demonstration/Lab_Project_A.sv Line: 9
Info (12128): Elaborating entity "TXDriver" for hierarchy "TXDriver:TXD" File: C:/Users/Epimetheus/Documents/GitHub/Digital-System-Design/UART_Demonstration/Lab_Project_A.sv Line: 10
Warning (10036): Verilog HDL or VHDL warning at TXDriver.sv(28): object "TXData" assigned a value but never read File: C:/Users/Epimetheus/Documents/GitHub/Digital-System-Design/UART_Demonstration/TXDriver.sv Line: 28
Warning (10230): Verilog HDL assignment warning at TXDriver.sv(28): truncated value with size 8 to match size of target (1) File: C:/Users/Epimetheus/Documents/GitHub/Digital-System-Design/UART_Demonstration/TXDriver.sv Line: 28
Warning (10230): Verilog HDL assignment warning at TXDriver.sv(58): truncated value with size 32 to match size of target (8) File: C:/Users/Epimetheus/Documents/GitHub/Digital-System-Design/UART_Demonstration/TXDriver.sv Line: 58
Warning (10230): Verilog HDL assignment warning at TXDriver.sv(62): truncated value with size 32 to match size of target (26) File: C:/Users/Epimetheus/Documents/GitHub/Digital-System-Design/UART_Demonstration/TXDriver.sv Line: 62
Warning (10034): Output port "TxData" at TXDriver.sv(11) has no driver File: C:/Users/Epimetheus/Documents/GitHub/Digital-System-Design/UART_Demonstration/TXDriver.sv Line: 11
Info (12128): Elaborating entity "ROM_Memory" for hierarchy "TXDriver:TXD|ROM_Memory:RM" File: C:/Users/Epimetheus/Documents/GitHub/Digital-System-Design/UART_Demonstration/TXDriver.sv Line: 20
Info (12128): Elaborating entity "altsyncram" for hierarchy "TXDriver:TXD|ROM_Memory:RM|altsyncram:altsyncram_component" File: C:/Users/Epimetheus/Documents/GitHub/Digital-System-Design/UART_Demonstration/ROM_Memory.v Line: 85
Info (12130): Elaborated megafunction instantiation "TXDriver:TXD|ROM_Memory:RM|altsyncram:altsyncram_component" File: C:/Users/Epimetheus/Documents/GitHub/Digital-System-Design/UART_Demonstration/ROM_Memory.v Line: 85
Info (12133): Instantiated megafunction "TXDriver:TXD|ROM_Memory:RM|altsyncram:altsyncram_component" with the following parameter: File: C:/Users/Epimetheus/Documents/GitHub/Digital-System-Design/UART_Demonstration/ROM_Memory.v Line: 85
    Info (12134): Parameter "address_aclr_a" = "NONE"
    Info (12134): Parameter "clock_enable_input_a" = "NORMAL"
    Info (12134): Parameter "clock_enable_output_a" = "NORMAL"
    Info (12134): Parameter "init_file" = "sanity_check.mif"
    Info (12134): Parameter "intended_device_family" = "Cyclone IV E"
    Info (12134): Parameter "lpm_hint" = "ENABLE_RUNTIME_MOD=NO"
    Info (12134): Parameter "lpm_type" = "altsyncram"
    Info (12134): Parameter "numwords_a" = "256"
    Info (12134): Parameter "operation_mode" = "ROM"
    Info (12134): Parameter "outdata_aclr_a" = "NONE"
    Info (12134): Parameter "outdata_reg_a" = "CLOCK0"
    Info (12134): Parameter "widthad_a" = "8"
    Info (12134): Parameter "width_a" = "8"
    Info (12134): Parameter "width_byteena_a" = "1"
Info (12021): Found 1 design units, including 1 entities, in source file db/altsyncram_ika1.tdf
    Info (12023): Found entity 1: altsyncram_ika1 File: C:/Users/Epimetheus/Documents/GitHub/Digital-System-Design/UART_Demonstration/db/altsyncram_ika1.tdf Line: 28
Info (12128): Elaborating entity "altsyncram_ika1" for hierarchy "TXDriver:TXD|ROM_Memory:RM|altsyncram:altsyncram_component|altsyncram_ika1:auto_generated" File: c:/intelfpga_lite/17.0/quartus/libraries/megafunctions/altsyncram.tdf Line: 792
Warning (14284): Synthesized away the following node(s):
    Warning (14285): Synthesized away the following RAM node(s):
        Warning (14320): Synthesized away node "TXDriver:TXD|ROM_Memory:RM|altsyncram:altsyncram_component|altsyncram_ika1:auto_generated|q_a[0]" File: C:/Users/Epimetheus/Documents/GitHub/Digital-System-Design/UART_Demonstration/db/altsyncram_ika1.tdf Line: 36
        Warning (14320): Synthesized away node "TXDriver:TXD|ROM_Memory:RM|altsyncram:altsyncram_component|altsyncram_ika1:auto_generated|q_a[1]" File: C:/Users/Epimetheus/Documents/GitHub/Digital-System-Design/UART_Demonstration/db/altsyncram_ika1.tdf Line: 58
        Warning (14320): Synthesized away node "TXDriver:TXD|ROM_Memory:RM|altsyncram:altsyncram_component|altsyncram_ika1:auto_generated|q_a[2]" File: C:/Users/Epimetheus/Documents/GitHub/Digital-System-Design/UART_Demonstration/db/altsyncram_ika1.tdf Line: 80
        Warning (14320): Synthesized away node "TXDriver:TXD|ROM_Memory:RM|altsyncram:altsyncram_component|altsyncram_ika1:auto_generated|q_a[3]" File: C:/Users/Epimetheus/Documents/GitHub/Digital-System-Design/UART_Demonstration/db/altsyncram_ika1.tdf Line: 102
        Warning (14320): Synthesized away node "TXDriver:TXD|ROM_Memory:RM|altsyncram:altsyncram_component|altsyncram_ika1:auto_generated|q_a[4]" File: C:/Users/Epimetheus/Documents/GitHub/Digital-System-Design/UART_Demonstration/db/altsyncram_ika1.tdf Line: 124
        Warning (14320): Synthesized away node "TXDriver:TXD|ROM_Memory:RM|altsyncram:altsyncram_component|altsyncram_ika1:auto_generated|q_a[5]" File: C:/Users/Epimetheus/Documents/GitHub/Digital-System-Design/UART_Demonstration/db/altsyncram_ika1.tdf Line: 146
        Warning (14320): Synthesized away node "TXDriver:TXD|ROM_Memory:RM|altsyncram:altsyncram_component|altsyncram_ika1:auto_generated|q_a[6]" File: C:/Users/Epimetheus/Documents/GitHub/Digital-System-Design/UART_Demonstration/db/altsyncram_ika1.tdf Line: 168
        Warning (14320): Synthesized away node "TXDriver:TXD|ROM_Memory:RM|altsyncram:altsyncram_component|altsyncram_ika1:auto_generated|q_a[7]" File: C:/Users/Epimetheus/Documents/GitHub/Digital-System-Design/UART_Demonstration/db/altsyncram_ika1.tdf Line: 190
Warning (12241): 1 hierarchies have connectivity warnings - see the Connectivity Checks report folder
Warning (13024): Output pins are stuck at VCC or GND
    Warning (13410): Pin "GPIO[0]" is stuck at GND File: C:/Users/Epimetheus/Documents/GitHub/Digital-System-Design/UART_Demonstration/Lab_Project_A.sv Line: 1
    Warning (13410): Pin "GPIO[1]" is stuck at GND File: C:/Users/Epimetheus/Documents/GitHub/Digital-System-Design/UART_Demonstration/Lab_Project_A.sv Line: 1
Info (17049): 47 registers lost all their fanouts during netlist optimizations.
Info (144001): Generated suppressed messages file C:/Users/Epimetheus/Documents/GitHub/Digital-System-Design/UART_Demonstration/output_files/Lab_Project_A.map.smsg
Info (16010): Generating hard_block partition "hard_block:auto_generated_inst"
    Info (16011): Adding 0 node(s), including 0 DDIO, 0 PLL, 0 transceiver and 0 LCELL
Warning (21074): Design contains 2 input pin(s) that do not drive logic
    Warning (15610): No output dependent on input pin "KEY[0]" File: C:/Users/Epimetheus/Documents/GitHub/Digital-System-Design/UART_Demonstration/Lab_Project_A.sv Line: 1
    Warning (15610): No output dependent on input pin "CLOCK_50" File: C:/Users/Epimetheus/Documents/GitHub/Digital-System-Design/UART_Demonstration/Lab_Project_A.sv Line: 1
Info (21057): Implemented 4 device resources after synthesis - the final resource count might be different
    Info (21058): Implemented 2 input pins
    Info (21059): Implemented 2 output pins
Info: Quartus Prime Analysis & Synthesis was successful. 0 errors, 28 warnings
    Info: Peak virtual memory: 606 megabytes
    Info: Processing ended: Mon May 21 11:22:03 2018
    Info: Elapsed time: 00:00:13
    Info: Total CPU time (on all processors): 00:00:29


+------------------------------------------+
; Analysis & Synthesis Suppressed Messages ;
+------------------------------------------+
The suppressed messages can be found in C:/Users/Epimetheus/Documents/GitHub/Digital-System-Design/UART_Demonstration/output_files/Lab_Project_A.map.smsg.


